[debug] [2022-06-27T06:16:12.496Z] ----------------------------------------------------------------------
[debug] [2022-06-27T06:16:12.500Z] Command:       C:\Program Files\nodejs\node.exe C:\Users\baris_3g410ad\AppData\Roaming\npm\node_modules\firebase-tools\lib\bin\firebase.js init
[debug] [2022-06-27T06:16:12.501Z] CLI Version:   11.1.0
[debug] [2022-06-27T06:16:12.501Z] Platform:      win32
[debug] [2022-06-27T06:16:12.501Z] Node Version:  v16.14.0
[debug] [2022-06-27T06:16:12.503Z] Time:          Mon Jun 27 2022 09:16:12 GMT+0300 (GMT+03:00)
[debug] [2022-06-27T06:16:12.504Z] ----------------------------------------------------------------------
[debug] 
[debug] [2022-06-27T06:16:12.525Z] > command requires scopes: ["email","openid","https://www.googleapis.com/auth/cloudplatformprojects.readonly","https://www.googleapis.com/auth/firebase","https://www.googleapis.com/auth/cloud-platform"]
[debug] [2022-06-27T06:16:12.526Z] > authorizing via signed-in user (baris.devrim01@gmail.com)
[info] 
     ######## #### ########  ######## ########     ###     ######  ########
     ##        ##  ##     ## ##       ##     ##  ##   ##  ##       ##
     ######    ##  ########  ######   ########  #########  ######  ######
     ##        ##  ##    ##  ##       ##     ## ##     ##       ## ##
     ##       #### ##     ## ######## ########  ##     ##  ######  ########

You're about to initialize a Firebase project in this directory:

  C:\Users\baris_3g410ad\Documents\myDeployedProjects\Frontend\Angular\company2_tech_case_with_angular

[info] 
=== Project Setup
[info] 
[info] First, let's associate this project directory with a Firebase project.
[info] You can create multiple project aliases by running firebase use --add, 
[info] but for now we'll just set up a default project.
[info] 
[debug] [2022-06-27T06:17:06.063Z] >>> [apiv2][query] GET https://firebase.googleapis.com/v1beta1/projects pageSize=100
[debug] [2022-06-27T06:17:06.719Z] <<< [apiv2][status] GET https://firebase.googleapis.com/v1beta1/projects 200
[debug] [2022-06-27T06:17:06.720Z] <<< [apiv2][body] GET https://firebase.googleapis.com/v1beta1/projects [omitted]
[info] i  Using project ng-practice-usercrud-barisd (ng-practice-usercrud-barisd) 
[info] 
=== Hosting Setup
[info] 
[info] Your public directory is the folder (relative to your project directory) that
[info] will contain Hosting assets to be uploaded with firebase deploy. If you
[info] have a build process for your assets, use your build's output directory.
[info] 
[info] +  Wrote dist/company2_tech_case_with_angular/404.html 
[debug] [2022-06-27T06:19:36.799Z] >>> [apiv2][query] GET https://www.gstatic.com/firebasejs/releases.json [none]
[debug] [2022-06-27T06:19:37.015Z] <<< [apiv2][status] GET https://www.gstatic.com/firebasejs/releases.json 200
[debug] [2022-06-27T06:19:37.015Z] <<< [apiv2][body] GET https://www.gstatic.com/firebasejs/releases.json {"current":{"version":"9.8.4","browserURL":"https://www.gstatic.com/firebasejs/9.8.4/firebase.js","packageURL":"https://www.gstatic.com/firebasejs/9.8.4/firebase.tgz"},"live":{"version":"9.8","browserURL":"https://www.gstatic.com/firebasejs/live/9.8/firebase.js","packageURL":"https://www.gstatic.com/firebasejs/live/9.8/firebase.tgz"},"components":{"analytics":"https://www.gstatic.com/firebasejs/9.8.4/firebase-analytics.js","app":"https://www.gstatic.com/firebasejs/9.8.4/firebase-app.js","app-check":"https://www.gstatic.com/firebasejs/9.8.4/firebase-app-check.js","auth":"https://www.gstatic.com/firebasejs/9.8.4/firebase-auth.js","auth/cordova":"https://www.gstatic.com/firebasejs/9.8.4/firebase-auth/cordova.js","auth/react-native":"https://www.gstatic.com/firebasejs/9.8.4/firebase-auth/react-native.js","functions":"https://www.gstatic.com/firebasejs/9.8.4/firebase-functions.js","firestore":"https://www.gstatic.com/firebasejs/9.8.4/firebase-firestore.js","firestore/lite":"https://www.gstatic.com/firebasejs/9.8.4/firebase-firestore/lite.js","storage":"https://www.gstatic.com/firebasejs/9.8.4/firebase-storage.js","performance":"https://www.gstatic.com/firebasejs/9.8.4/firebase-performance.js","remote-config":"https://www.gstatic.com/firebasejs/9.8.4/firebase-remote-config.js","messaging":"https://www.gstatic.com/firebasejs/9.8.4/firebase-messaging.js","messaging/sw":"https://www.gstatic.com/firebasejs/9.8.4/firebase-messaging/sw.js","database":"https://www.gstatic.com/firebasejs/9.8.4/firebase-database.js","firestore.memory":"https://www.gstatic.com/firebasejs/9.8.4/firebase-firestore.memory.js"}}
[info] +  Wrote dist/company2_tech_case_with_angular/index.html 
[info] 
[info] i  Didn't detect a .git folder. Assuming C:\Users\baris_3g410ad\Documents\myDeployedProjects\Frontend\Angular\company2_tech_case_with_angular is the project root. 
[info] i  Authorizing with GitHub to upload your service account to a GitHub repository's secrets store. 
[info] 
[info] Visit this URL on this device to log in:
[info] https://github.com/login/oauth/authorize?client_id=89cf50f02ac6aaed3484&state=13285522&redirect_uri=http%3A%2F%2Flocalhost%3A9005&scope=read%3Auser%20repo%20public_repo
[info] 
[info] Waiting for authentication...
[debug] [2022-06-27T06:19:54.045Z] >>> [apiv2][query] POST https://github.com/login/oauth/access_token [none]
[debug] [2022-06-27T06:19:54.046Z] >>> [apiv2][body] POST https://github.com/login/oauth/access_token [stream]
[debug] [2022-06-27T06:19:54.495Z] <<< [apiv2][status] POST https://github.com/login/oauth/access_token 200
[debug] [2022-06-27T06:19:54.496Z] <<< [apiv2][body] POST https://github.com/login/oauth/access_token {"access_token":"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","token_type":"bearer","scope":"read:user,repo"}
[debug] [2022-06-27T06:19:54.511Z] >>> [apiv2][query] GET https://api.github.com/user [none]
[debug] [2022-06-27T06:19:54.934Z] <<< [apiv2][status] GET https://api.github.com/user 200
[debug] [2022-06-27T06:19:54.934Z] <<< [apiv2][body] GET https://api.github.com/user {"login":"BarisGc","id":89302565,"node_id":"MDQ6VXNlcjg5MzAyNTY1","avatar_url":"https://avatars.githubusercontent.com/u/89302565?v=4","gravatar_id":"","url":"https://api.github.com/users/BarisGc","html_url":"https://github.com/BarisGc","followers_url":"https://api.github.com/users/BarisGc/followers","following_url":"https://api.github.com/users/BarisGc/following{/other_user}","gists_url":"https://api.github.com/users/BarisGc/gists{/gist_id}","starred_url":"https://api.github.com/users/BarisGc/starred{/owner}{/repo}","subscriptions_url":"https://api.github.com/users/BarisGc/subscriptions","organizations_url":"https://api.github.com/users/BarisGc/orgs","repos_url":"https://api.github.com/users/BarisGc/repos","events_url":"https://api.github.com/users/BarisGc/events{/privacy}","received_events_url":"https://api.github.com/users/BarisGc/received_events","type":"User","site_admin":false,"name":"Baris","company":null,"blog":"https://www.linkedin.com/in/baris-devrim/","location":"Turkey","email":"baris.devrim1@gmail.com","hireable":null,"bio":"Before: â˜¢ï¸ Production&Supplier Planning Specialist\r\n, Erp Key User\r\n, Kinda Business Analyst (Some Similar Tasks)ðŸ \r\nNow:ðŸš€Frontend & MERN Developer Candidate","twitter_username":null,"public_repos":27,"public_gists":0,"followers":3,"following":0,"created_at":"2021-08-21T11:49:45Z","updated_at":"2022-05-22T12:53:37Z","private_gists":0,"total_private_repos":10,"owned_private_repos":10,"disk_usage":258853,"collaborators":0,"two_factor_authentication":false,"plan":{"name":"free","space":976562499,"collaborators":0,"private_repos":10000}}
[info] 
[info] +  Success! Logged into GitHub as BarisGc 
[info] 
[debug] [2022-06-27T06:20:08.427Z] >>> [apiv2][query] GET https://api.github.com/repos//actions/secrets/public-key type=owner
[debug] [2022-06-27T06:20:08.774Z] <<< [apiv2][status] GET https://api.github.com/repos//actions/secrets/public-key 404
[debug] [2022-06-27T06:20:08.775Z] <<< [apiv2][body] GET https://api.github.com/repos//actions/secrets/public-key {"message":"Not Found","documentation_url":"https://docs.github.com/rest"}
